<?xml version="1.0" encoding="UTF-8"?>
<testsuite name="ConverterTest" tests="1" skipped="0" failures="0" errors="0" timestamp="2020-09-07T10:33:27" hostname="RUL-3MJWC72" time="0.57">
  <properties/>
  <testcase name="start" classname="ConverterTest" time="0.57"/>
  <system-out><![CDATA[?[1;31m
Start test 1?[0m
> a b
error
?[1;31m
Start test 2?[0m
> 11
> abc
error
?[1;31m
Start test 3?[0m
> 11
> 1
> das
error
?[1;31m
Start test 4?[0m
> 0
> 1
> das
error
?[1;31m
Start test 5?[0m
> 37
> 1
> das
error
?[1;31m
Start test 6?[0m
> 36
> 1
> 0
error
?[1;31m
Start test 7?[0m
> 36
> 1
> 37
error
?[1;31m
Start test 8?[0m
> c
error
?[1;31m
Start test 9?[0m
> 12
> bc
error
?[1;31m
Start test 10?[0m
> 12
> 1
> hf
error
?[1;31m
Start test 11?[0m
> 0
> 2
> hf
error
?[1;31m
Start test 12?[0m
> 37
> 2
> hf
error
?[1;31m
Start test 13?[0m
> 14
> 2
> -1
error
?[1;31m
Start test 14?[0m
> 14
> 2
> 38
error
?[1;31m
Start test 15?[0m
> 10
> 0.234
> 7
0.234
1.6380000000000001
0.6380000000000001
4.466000000000001
0.466000000000001
3.262000000000007
0.262000000000007
1.834000000000049
0.834000000000049
5.838000000000343
0.14315
?[1;31m
Start test 16?[0m
> 10
> 10.234
> 7
0.234
1.6380000000000001
0.6380000000000001
4.466000000000001
0.466000000000001
3.262000000000007
0.262000000000007
1.834000000000049
0.834000000000049
5.838000000000343
13.14315
?[1;31m
Start test 17?[0m
> 6
> 2
> 1
11
?[1;31m
Start test 18?[0m
> 35
> af.xy
> 17
35
35.0
35
1225.0
0.9706122448979592
0.9706122448979592
16.500408163265305
16
16
0.500408163265305
8.506938775510186
0.506938775510186
8.617959183673161
0.617959183673161
10.505306122443738
10
10
0.505306122443738
8.590204081543545
[g, 8, 8, a, 8]
148.g88a8
?[1;31m
Start test 19?[0m
> 10
> 11
> 2
1011
?[1;31m
Start test 20?[0m
> 16
> aaaaa.0
> 24
16
16.0
0.0
0.0
0.0
0.0
0.0
0.0
0.0
0.0
0.0
0.0
0.0
[0, 0, 0, 0, 0]
22df2.00000
?[1;31m
Start test 21?[0m
> 16
> 0.cdefb
> 24
16
16.0
16
256.0
16
4096.0
16
65536.0
16
1048576.0
0.804438591003418
0.804438591003418
19.30652618408203
19
19
0.30652618408203
7.35662841796872
0.35662841796872
8.55908203124928
0.55908203124928
13.41796874998272
13
13
0.41796874998272
10.03124999958528
10
10
[j, 7, 8, d, a]
0.j78da
?[1;31m
Start test 22?[0m
> 16
> aaaaa.cdefb
> 24
16
16.0
16
256.0
16
4096.0
16
65536.0
16
1048576.0
0.804438591003418
0.804438591003418
19.30652618408203
19
19
0.30652618408203
7.35662841796872
0.35662841796872
8.55908203124928
0.55908203124928
13.41796874998272
13
13
0.41796874998272
10.03124999958528
10
10
[j, 7, 8, d, a]
22df2.j78da
?[1;31m
Start test 23?[0m
> 10
> 0.2340
> 7
0.234
1.6380000000000001
0.6380000000000001
4.466000000000001
0.466000000000001
3.262000000000007
0.262000000000007
1.834000000000049
0.834000000000049
5.838000000000343
0.14315
?[1;31m
Start test 24?[0m
> 10
> 10.2340
> 7
0.234
1.6380000000000001
0.6380000000000001
4.466000000000001
0.466000000000001
3.262000000000007
0.262000000000007
1.834000000000049
0.834000000000049
5.838000000000343
13.14315
?[1;31m
Start test 25?[0m
> 6
> 2
> 1
11
?[1;31m
Start test 26?[0m
> 35
> af.xy0
> 17
35
35.0
35
1225.0
35
42875.0
0.9706122448979592
0.9706122448979592
16.500408163265305
16
16
0.500408163265305
8.506938775510186
0.506938775510186
8.617959183673161
0.617959183673161
10.505306122443738
10
10
0.505306122443738
8.590204081543545
[g, 8, 8, a, 8]
148.g88a8
?[1;31m
Start test 27?[0m
> 10
> 12
> 2
1100
?[1;31m
Start test 28?[0m
> 16
> aaaaa.00
> 24
16
16.0
16
256.0
0.0
0.0
0.0
0.0
0.0
0.0
0.0
0.0
0.0
0.0
0.0
[0, 0, 0, 0, 0]
22df2.00000
?[1;31m
Start test 29?[0m
> 16
> 0.cdefb0
> 24
16
16.0
16
256.0
16
4096.0
16
65536.0
16
1048576.0
16
1.6777216E7
0.804438591003418
0.804438591003418
19.30652618408203
19
19
0.30652618408203
7.35662841796872
0.35662841796872
8.55908203124928
0.55908203124928
13.41796874998272
13
13
0.41796874998272
10.03124999958528
10
10
[j, 7, 8, d, a]
0.j78da
?[1;31m
Start test 30?[0m
> 16
> aaaaa.cdefb0
> 24
16
16.0
16
256.0
16
4096.0
16
65536.0
16
1048576.0
16
1.6777216E7
0.804438591003418
0.804438591003418
19.30652618408203
19
19
0.30652618408203
7.35662841796872
0.35662841796872
8.55908203124928
0.55908203124928
13.41796874998272
13
13
0.41796874998272
10.03124999958528
10
10
[j, 7, 8, d, a]
22df2.j78da
?[1;31m
Start test 31?[0m
> 10
> 11
> 2
1011
?[1;31m
Start test 32?[0m
> 1
> 11111
> 10
5
?[1;31m
Start test 33?[0m
> 10
> 1000
> 36
rs
?[1;31m
Start test 34?[0m
> 21
> 4242
> 6
451552
?[1;31m
Start test 35?[0m
> 7
> 12
> 11
9
?[1;31m
Start test 36?[0m
> 5
> 300
> 10
75
?[1;31m
Start test 37?[0m
> 1
> 11111
> 5
10
?[1;31m
Start test 38?[0m
> 10
> 4
> 1
1111
?[1;31m
Start test 39?[0m
> 10
> 12
> 2
1100
?[1;31m
Start test 40?[0m
> 1
> 1111111
> 10
7
?[1;31m
Start test 41?[0m
> 10
> 1001
> 36
rt
?[1;31m
Start test 42?[0m
> 21
> 4243
> 6
451553
?[1;31m
Start test 43?[0m
> 7
> 13
> 11
a
?[1;31m
Start test 44?[0m
> 5
> 301
> 10
76
?[1;31m
Start test 45?[0m
> 1
> 111111
> 5
11
?[1;31m
Start test 46?[0m
> 10
> 5
> 1
11111
]]></system-out>
  <system-err><![CDATA[]]></system-err>
</testsuite>
